d:\opengl\l\opengl\opengl\x64\release\vc143.pdb
d:\opengl\l\opengl\opengl\x64\release\shader.obj
d:\opengl\l\opengl\opengl\x64\release\learn_light.obj
d:\opengl\l\opengl\opengl\x64\release\learn_3_math.obj
d:\opengl\l\opengl\opengl\x64\release\learn_2_texture.obj
d:\opengl\l\opengl\opengl\x64\release\learn_1_common.obj
d:\opengl\l\opengl\opengl\x64\release\std_image_load.obj
d:\opengl\l\opengl\opengl\x64\release\application.obj
d:\opengl\l\opengl\opengl\x64\release\glad.obj
d:\opengl\l\opengl\x64\release\opengl.exe
d:\opengl\l\opengl\opengl\x64\release\opengl.ipdb
d:\opengl\l\opengl\x64\release\opengl.pdb
d:\opengl\l\opengl\opengl\x64\release\opengl.iobj
d:\opengl\l\opengl\opengl\x64\release\opengl.tlog\cl.command.1.tlog
d:\opengl\l\opengl\opengl\x64\release\opengl.tlog\cl.items.tlog
d:\opengl\l\opengl\opengl\x64\release\opengl.tlog\cl.read.1.tlog
d:\opengl\l\opengl\opengl\x64\release\opengl.tlog\cl.write.1.tlog
d:\opengl\l\opengl\opengl\x64\release\opengl.tlog\link.command.1.tlog
d:\opengl\l\opengl\opengl\x64\release\opengl.tlog\link.read.1.tlog
d:\opengl\l\opengl\opengl\x64\release\opengl.tlog\link.write.1.tlog
